commit 93eca719dd5133f39d81c02cadc406e6f4c143a3
Merge: bb25b62 5e2dc44
Author: ROCIO <rocio_jcc@hotmail.com>
Date:   Sun Oct 22 00:34:59 2023 +0200

    Merge branch 'main' of https://github.com/ROCIOPUEBLA/repositorio-3

commit bb25b628b32defde4aaa1fbeb355096cbcfa39fa
Merge: 489a97a 883f9df
Author: ROCIO <rocio_jcc@hotmail.com>
Date:   Sat Oct 21 16:12:49 2023 +0200

    las estaciones del año modificadas

commit 5e2dc444aa11251d87ae72550a32d3d56deb41bc
Merge: 489a97a 883f9df
Author: ROCIO <rocio_jcc@hotmail.com>
Date:   Sat Oct 21 16:12:49 2023 +0200

    Merge branch 'main' of https://github.com/ROCIOPUEBLA/repositorio-3

commit 489a97adab58ca778de440b61b4ae8653cf726e2
Author: ROCIO <rocio_jcc@hotmail.com>
Date:   Sat Oct 21 15:27:08 2023 +0200

    agregando estaciones del año y con sus fechas

commit 883f9df0192858b5e1b08a5505f3c21fdb7b7560
Author: ROCIO <rocio_jcc@hotmail.com>
Date:   Sat Oct 21 15:27:08 2023 +0200

    agregando las estaciones del año

commit 185fbfb8252922bcb9816605261751cf946aba02
Merge: 31d2be1 8dad090
Author: ROCIO <rocio_jcc@hotmail.com>
Date:   Sat Oct 21 14:11:08 2023 +0200

    Resolviendo conflicto entre ramas

commit 31d2be1b17620791eac90356117943ee3ad369c0
Author: ROCIO <rocio_jcc@hotmail.com>
Date:   Sat Oct 21 13:34:08 2023 +0200

     commit para proar como funciona hacer fuciones

commit 8dad0907cdf4c1f73fc5070f960c42f8a4cd57ed
Author: ROCIO <rocio_jcc@hotmail.com>
Date:   Sat Oct 21 13:32:54 2023 +0200

    commit hecho

commit fcce9df0bfa894dc8d16aa19b01ae05414a818c2
Author: ROCIO <rocio_jcc@hotmail.com>
Date:   Sat Oct 21 13:24:41 2023 +0200

     haciendo commit dp de crear carpeta html

commit 77aa88fbe8768b7288eaa7e69a887b836c526a05
Merge: 691bedb 2723ed8
Author: ROCIO <rocio_jcc@hotmail.com>
Date:   Sat Oct 21 00:21:31 2023 +0200

    Merge branch 'js'

commit 2723ed8830ffea669fed5d2a29cf87d909b723a6
Author: ROCIO <rocio_jcc@hotmail.com>
Date:   Fri Oct 20 23:50:44 2023 +0200

    comit de jaavascritp

commit 691bedb5f1b5a31b887c93c40d6bf8d9e89acf44
Author: ROCIO <rocio_jcc@hotmail.com>
Date:   Fri Oct 20 23:19:33 2023 +0200

     commit donde creo una hoja de css y estilos

commit 76a025f650287f90bce3fd87fc18a29438a55ad9
Author: ROCIO <rocio_jcc@hotmail.com>
Date:   Fri Oct 20 16:05:39 2023 +0200

    creando archivo html

commit 3693bfebf98919684476785984740a2e387ec455
Author: ROCIO <rocio_jcc@hotmail.com>
Date:   Fri Oct 20 12:46:28 2023 +0200

    commit:ignorando archivos exe

commit 47c4db8833f047989a9a13982279a6b020c06296
Author: ROCIO <rocio_jcc@hotmail.com>
Date:   Fri Oct 20 11:26:45 2023 +0200

    siguiendo con los commits

commit f26c5785e3cb9449d463da1f750ba2fa4e360a08
Author: ROCIO <rocio_jcc@hotmail.com>
Date:   Fri Oct 20 11:25:02 2023 +0200

     lol , otro commit mas

commit a55d366c0354914104a6ca84a3ab1a9c9d71504d
Author: ROCIO <rocio_jcc@hotmail.com>
Date:   Fri Oct 20 11:24:28 2023 +0200

    probando mas y mas

commit 3e56269b403cef68038fc1135ece794228ebe510
Author: ROCIO <rocio_jcc@hotmail.com>
Date:   Fri Oct 20 11:22:18 2023 +0200

    otro commit mas

commit 8b3a6ea414b071af49a718d5232a4a2a558a5c5a
Author: ROCIO <rocio_jcc@hotmail.com>
Date:   Fri Oct 20 11:15:34 2023 +0200

    2do commit

commit f1e7a6c358b0e38b814aa739680168fc6362c312
Author: ROCIO <rocio_jcc@hotmail.com>
Date:   Fri Oct 20 10:51:53 2023 +0200

    primer commit
