*   93eca71 Merge branch 'main' of https://github.com/ROCIOPUEBLA/repositorio-3
|\  
| *   5e2dc44 Merge branch 'main' of https://github.com/ROCIOPUEBLA/repositorio-3
| |\  
* | \   bb25b62 las estaciones del año modificadas
|\ \ \  
| |/ /  
|/| /   
| |/    
| * 883f9df agregando las estaciones del año
* | 489a97a agregando estaciones del año y con sus fechas
|/  
*   185fbfb Resolviendo conflicto entre ramas
|\  
| * 8dad090 commit hecho
| * fcce9df  haciendo commit dp de crear carpeta html
* | 31d2be1  commit para proar como funciona hacer fuciones
|/  
*   77aa88f Merge branch 'js'
|\  
| * 2723ed8 comit de jaavascritp
* | 691bedb  commit donde creo una hoja de css y estilos
* | 76a025f creando archivo html
|/  
* 3693bfe commit:ignorando archivos exe
* 47c4db8 siguiendo con los commits
* f26c578  lol , otro commit mas
* a55d366 probando mas y mas
* 3e56269 otro commit mas
* 8b3a6ea 2do commit
* f1e7a6c primer commit
